C51 COMPILER V9.60.0.0   TEMP                                                              11/24/2021 09:05:37 PAGE 1   


C51 COMPILER V9.60.0.0, COMPILATION OF MODULE TEMP
OBJECT MODULE PLACED IN .\Objects\temp.obj
COMPILER INVOKED BY: C:\Keil_v5\C51\BIN\C51.EXE temp.c OPTIMIZE(8,SPEED) BROWSE DEBUG OBJECTEXTEND PRINT(.\Listings\temp
                    -.lst) TABS(2) OBJECT(.\Objects\temp.obj)

line level    source

   1          #include<reg51.h>
   2          
   3          void ms_Delay(unsigned int);
   4          
   5          sbit sq_wave=P1^3;
   6          sbit Led=P1^4;
   7          sbit SW=P3^2;
   8          
   9          void INT_LED() interrupt 0 
  10          {
  11   1      Led=~Led;  //cpl
  12   1      ms_Delay(500);  
  13   1      }
  14          
  15          void ms_Delay(unsigned int time)
  16          {
  17   1      unsigned int i,j;
  18   1      for (i=0;i<time;i++)
  19   1      for (j=0;j<113;j++);
  20   1      }
  21          
  22          void main() 
  23          {
  24   1      SW=1; // p3.2 input
  25   1      Led=0;
  26   1      IT0=0; //LEVEL TRIGGERED
  27   1      IE=0x81; //enable interrupt for EINT0 EXTERNAL INTERRUPT 0
  28   1      while (1) 
  29   1      {
  30   2      sq_wave=1; 
  31   2      ms_Delay(500);
  32   2      sq_wave=0;
  33   2      ms_Delay(500);
  34   2      }
  35   1      }
  36          


MODULE INFORMATION:   STATIC OVERLAYABLE
   CODE SIZE        =    122    ----
   CONSTANT SIZE    =   ----    ----
   XDATA SIZE       =   ----    ----
   PDATA SIZE       =   ----    ----
   DATA SIZE        =   ----    ----
   IDATA SIZE       =   ----    ----
   BIT SIZE         =   ----    ----
END OF MODULE INFORMATION.


C51 COMPILATION COMPLETE.  0 WARNING(S),  0 ERROR(S)
