C51 COMPILER V9.60.0.0   TEMP1                                                             11/24/2021 09:30:25 PAGE 1   


C51 COMPILER V9.60.0.0, COMPILATION OF MODULE TEMP1
OBJECT MODULE PLACED IN .\Objects\temp1.obj
COMPILER INVOKED BY: C:\Keil_v5\C51\BIN\C51.EXE temp1.c OPTIMIZE(8,SPEED) BROWSE DEBUG OBJECTEXTEND PRINT(.\Listings\tem
                    -p1.lst) TABS(2) OBJECT(.\Objects\temp1.obj)

line level    source

   1          /*---------------------------------------------------------- 
   2            Here we are going to program a level triger interrupts 
   3            
   4          ------------------------------------------------------------*/
   5          
   6          
   7          # include<reg51.h>        /* header file for registers addresses */
   8          
   9          void ms_Delay(unsigned int)     /* delay function prototyping */
  10          
  11          sbit sq_wave=P1^3;        /* rename port 1.3 as a square wave for square wave generation */
*** ERROR C158 IN LINE 11 OF temp1.c: '_ms_Delay': function contains unnamed parameter
*** ERROR C141 IN LINE 11 OF temp1.c: syntax error near 'sbit', expected 'hdata'
  12          
  13          sbit Led = P1^4;              /* rename port 1.4 as led for external led configure */
  14          
  15          sbit Switch = P3^2;           /* rename port 3.2 as switch for external switch configuration */
  16          
  17          
  18          
  19          
  20          
  21          
  22          /* ---------------- interrupts subroutine function starts here --------------------*/
  23          void ENT_LED() interrupt 0 
  24          
  25          /* define interrupt function of subroutine interrupt. interrupt 0 is only number for showing 
  26             difference between normal function and interrupt subroutine */
  27          {
  28   1        Led = ~Led;     /* this is for making compliment of led if initially led 1 it will goes 0 or vice versa *
             -/
  29   1        
  30   1        ms_Delay(500);  /* adding some delay */
  31   1      }
  32          
  33          /* ---------------- interrupts subroutine functione ends here --------------------*/
  34          
  35          void ms_Delay(unsigned int time)  /* define delay function */
  36          {
  37   1        
  38   1        unsigned int i,j;
  39   1        
  40   1        for(i=0; i < time; i++)
  41   1        for(j=0; j < 113; j++)
  42   1        
  43   1      }
  44          
  45          
  46          
  47          
  48          
  49          /*-------------void main start-----------------------------------*/
  50          void main ()
  51          {
C51 COMPILER V9.60.0.0   TEMP1                                                             11/24/2021 09:30:25 PAGE 2   

  52   1        Switch = 1;               /* switch set 1 for making port 3.2 as a input */
  53   1        
  54   1        Led = 0;                  /* led port 1.4 set to 0 for initially led will off */
  55   1        
  56   1        IT0 = 0;                  /* setting ITO equal to 0 we are using this hardware for level triggerd
  57   1                                     if ITO = 1 it will be configure for edge trigger */
  58   1        
  59   1        IE = 0x81;                /* enable interrupt INT0 External interrupt zero */
  60   1        
  61   1        
  62   1        /*------------ While loop starts --------------------------------*/
  63   1        
  64   1        while(1)
  65   1        {
  66   2          /* square wave generation code starts */
  67   2          
  68   2          sq_wave = 1;                  /* setting port 1.3 to high */
  69   2      
  70   2          ms_Delay(500);            /* adding some delay */
  71   2        
  72   2          sq_wave = 0;                  /* setting port 1.3 to low */
  73   2        
  74   2          ms_Delay(500);            /* adding some delay */
  75   2        
  76   2          /* square wave generation code ends here */
  77   2        }
  78   1          
  79   1        /*------------ While loop Ends --------------*/
  80   1        
  81   1        
  82   1      }
  83          /*-------------void main ends here-----------------------------------*/
  84          

C51 COMPILATION COMPLETE.  0 WARNING(S),  2 ERROR(S)
